-------------------------------------------------------------------------------
Test set: airport.java.AirportTest
-------------------------------------------------------------------------------
Tests run: 1, Failures: 1, Errors: 0, Skipped: 0, Time elapsed: 0.702 s <<< FAILURE! - in airport.java.AirportTest
shouldHaveHangar  Time elapsed: 0.437 s  <<< FAILURE!
org.opentest4j.AssertionFailedError: expected: <[]> but was: <null>
	at airport.java.AirportTest.shouldHaveHangar(AirportTest.java:30)

